DESKTOP-SQHUUAR
/home/user1/tecparla/Tecparla
Tue Dec 17 15:41:11 CET 2024
Nom del fitxer de log: /home/user1/tecparla/Tecparla/log/todo.uno.log
inici del script /home/user1/tecparla/Tecparla/ramses/todo.sh
from python_speech_features import mfcc
entrena.py -m /home/user1/tecparla/Tecparla/Sen -p /home/user1/tecparla/Tecparla/Prm/uno -f /home/user1/tecparla/Tecparla/Mod/uno.mod -l /home/user1/tecparla/Tecparla/Lis/vocales.lis /home/user1/tecparla/Tecparla/Gui/train.gui
  0%|----------| 0/2000 [00:00<?, ?it/s] 56%|||||||----| 1120/2000 [00:00<00:00, 11191.61it/s]100%|||||||||||| 2000/2000 [00:00<00:00, 11209.62it/s]
self.distancia = 128.12
reconoce.py -r /home/user1/tecparla/Tecparla/Rec/ -p /home/user1/tecparla/Tecparla/Prm/uno -f /home/user1/tecparla/Tecparla/Mod/uno.mod /home/user1/tecparla/Tecparla/Gui/devel.gui
  0%|          | 0/2000 [00:00<?, ?it/s] 18%|█▊        | 354/2000 [00:00<00:00, 3534.27it/s] 35%|███▌      | 708/2000 [00:00<00:00, 3447.06it/s] 53%|█████▎    | 1053/2000 [00:00<00:00, 3206.52it/s] 70%|███████   | 1401/2000 [00:00<00:00, 3307.13it/s] 87%|████████▋ | 1737/2000 [00:00<00:00, 3323.62it/s]100%|██████████| 2000/2000 [00:00<00:00, 3236.22it/s]
evalua.py -r /home/user1/tecparla/Tecparla/Rec/ -m /home/user1/tecparla/Tecparla/Sen /home/user1/tecparla/Tecparla/Gui/devel.gui
  0%|----------| 0/2000 [00:00<?, ?it/s] 17%||🚀--------| 336/2000 [00:00<00:00, 3357.92it/s] 34%||||/------| 672/2000 [00:00<00:00, 3242.82it/s]  52%||||||-----| 1047/2000 [00:00<00:00, 3468.30it/s] 70%|||||||\---| 1395/2000 [00:00<00:00, 3439.92it/s] 89%|||||||||\-| 1779/2000 [00:00<00:00, 3580.76it/s]100%|||||||||||| 2000/2000 [00:00<00:00, 3482.51it/s]
	a	e	i	o	u
a	367	5	0	27	1
e	1	379	18	0	2
i	0	31	361	1	7
o	26	8	0	322	44
u	5	2	0	42	351
Precisió = 89.00%
